2020-09-15 00:10:40,641 WARN o.s.b.a.o.j.JpaBaseConfiguration$JpaWebConfiguration [restartedMain] spring.jpa.open-in-view is enabled by default. Therefore, database queries may be performed during view rendering. Explicitly configure spring.jpa.open-in-view to disable this warning
2020-09-15 00:10:41,023 DEBUG o.h.t.BasicTypeRegistry [task-1] Adding type registration boolean -> org.hibernate.type.BooleanType@4e8625db
2020-09-15 00:10:41,023 DEBUG o.h.t.BasicTypeRegistry [task-1] Adding type registration boolean -> org.hibernate.type.BooleanType@4e8625db
2020-09-15 00:10:41,024 DEBUG o.h.t.BasicTypeRegistry [task-1] Adding type registration java.lang.Boolean -> org.hibernate.type.BooleanType@4e8625db
2020-09-15 00:10:41,027 DEBUG o.h.t.BasicTypeRegistry [task-1] Adding type registration numeric_boolean -> org.hibernate.type.NumericBooleanType@5f3bd320
2020-09-15 00:10:41,028 DEBUG o.h.t.BasicTypeRegistry [task-1] Adding type registration true_false -> org.hibernate.type.TrueFalseType@2a2a9ce7
2020-09-15 00:10:41,029 DEBUG o.h.t.BasicTypeRegistry [task-1] Adding type registration yes_no -> org.hibernate.type.YesNoType@2bdab3c0
2020-09-15 00:10:41,030 DEBUG o.h.t.BasicTypeRegistry [task-1] Adding type registration byte -> org.hibernate.type.ByteType@1266e290
2020-09-15 00:10:41,030 DEBUG o.h.t.BasicTypeRegistry [task-1] Adding type registration byte -> org.hibernate.type.ByteType@1266e290
2020-09-15 00:10:41,030 DEBUG o.h.t.BasicTypeRegistry [task-1] Adding type registration java.lang.Byte -> org.hibernate.type.ByteType@1266e290
2020-09-15 00:10:41,031 DEBUG o.h.t.BasicTypeRegistry [task-1] Adding type registration character -> org.hibernate.type.CharacterType@45f8f91f
2020-09-15 00:10:41,031 DEBUG o.h.t.BasicTypeRegistry [task-1] Adding type registration char -> org.hibernate.type.CharacterType@45f8f91f
2020-09-15 00:10:41,031 DEBUG o.h.t.BasicTypeRegistry [task-1] Adding type registration java.lang.Character -> org.hibernate.type.CharacterType@45f8f91f
2020-09-15 00:10:41,032 DEBUG o.h.t.BasicTypeRegistry [task-1] Adding type registration short -> org.hibernate.type.ShortType@651cce83
2020-09-15 00:10:41,033 DEBUG o.h.t.BasicTypeRegistry [task-1] Adding type registration short -> org.hibernate.type.ShortType@651cce83
2020-09-15 00:10:41,033 DEBUG o.h.t.BasicTypeRegistry [task-1] Adding type registration java.lang.Short -> org.hibernate.type.ShortType@651cce83
2020-09-15 00:10:41,034 DEBUG o.h.t.BasicTypeRegistry [task-1] Adding type registration integer -> org.hibernate.type.IntegerType@4f37c344
2020-09-15 00:10:41,034 DEBUG o.h.t.BasicTypeRegistry [task-1] Adding type registration int -> org.hibernate.type.IntegerType@4f37c344
2020-09-15 00:10:41,034 DEBUG o.h.t.BasicTypeRegistry [task-1] Adding type registration java.lang.Integer -> org.hibernate.type.IntegerType@4f37c344
2020-09-15 00:10:41,035 DEBUG o.h.t.BasicTypeRegistry [task-1] Adding type registration long -> org.hibernate.type.LongType@3489b4a9
2020-09-15 00:10:41,035 DEBUG o.h.t.BasicTypeRegistry [task-1] Adding type registration long -> org.hibernate.type.LongType@3489b4a9
2020-09-15 00:10:41,035 DEBUG o.h.t.BasicTypeRegistry [task-1] Adding type registration java.lang.Long -> org.hibernate.type.LongType@3489b4a9
2020-09-15 00:10:41,036 DEBUG o.h.t.BasicTypeRegistry [task-1] Adding type registration float -> org.hibernate.type.FloatType@58f0853c
2020-09-15 00:10:41,036 DEBUG o.h.t.BasicTypeRegistry [task-1] Adding type registration float -> org.hibernate.type.FloatType@58f0853c
2020-09-15 00:10:41,036 DEBUG o.h.t.BasicTypeRegistry [task-1] Adding type registration java.lang.Float -> org.hibernate.type.FloatType@58f0853c
2020-09-15 00:10:41,037 DEBUG o.h.t.BasicTypeRegistry [task-1] Adding type registration double -> org.hibernate.type.DoubleType@1bcc20a2
2020-09-15 00:10:41,037 DEBUG o.h.t.BasicTypeRegistry [task-1] Adding type registration double -> org.hibernate.type.DoubleType@1bcc20a2
2020-09-15 00:10:41,037 DEBUG o.h.t.BasicTypeRegistry [task-1] Adding type registration java.lang.Double -> org.hibernate.type.DoubleType@1bcc20a2
2020-09-15 00:10:41,038 DEBUG o.h.t.BasicTypeRegistry [task-1] Adding type registration big_decimal -> org.hibernate.type.BigDecimalType@30fbcc3e
2020-09-15 00:10:41,038 DEBUG o.h.t.BasicTypeRegistry [task-1] Adding type registration java.math.BigDecimal -> org.hibernate.type.BigDecimalType@30fbcc3e
2020-09-15 00:10:41,039 DEBUG o.h.t.BasicTypeRegistry [task-1] Adding type registration big_integer -> org.hibernate.type.BigIntegerType@37ac7aa4
2020-09-15 00:10:41,040 DEBUG o.h.t.BasicTypeRegistry [task-1] Adding type registration java.math.BigInteger -> org.hibernate.type.BigIntegerType@37ac7aa4
2020-09-15 00:10:41,041 DEBUG o.h.t.BasicTypeRegistry [task-1] Adding type registration string -> org.hibernate.type.StringType@b0d1ab
2020-09-15 00:10:41,041 DEBUG o.h.t.BasicTypeRegistry [task-1] Adding type registration java.lang.String -> org.hibernate.type.StringType@b0d1ab
2020-09-15 00:10:41,042 DEBUG o.h.t.BasicTypeRegistry [task-1] Adding type registration nstring -> org.hibernate.type.StringNVarcharType@72b38eed
2020-09-15 00:10:41,043 DEBUG o.h.t.BasicTypeRegistry [task-1] Adding type registration ncharacter -> org.hibernate.type.CharacterNCharType@2c1d5731
2020-09-15 00:10:41,044 DEBUG o.h.t.BasicTypeRegistry [task-1] Adding type registration url -> org.hibernate.type.UrlType@74dc40b3
2020-09-15 00:10:41,044 DEBUG o.h.t.BasicTypeRegistry [task-1] Adding type registration java.net.URL -> org.hibernate.type.UrlType@74dc40b3
2020-09-15 00:10:41,045 DEBUG o.h.t.BasicTypeRegistry [task-1] Adding type registration Duration -> org.hibernate.type.DurationType@61de9917
2020-09-15 00:10:41,045 DEBUG o.h.t.BasicTypeRegistry [task-1] Adding type registration java.time.Duration -> org.hibernate.type.DurationType@61de9917
2020-09-15 00:10:41,046 DEBUG o.h.t.BasicTypeRegistry [task-1] Adding type registration Instant -> org.hibernate.type.InstantType@2b7a65fe
2020-09-15 00:10:41,047 DEBUG o.h.t.BasicTypeRegistry [task-1] Adding type registration java.time.Instant -> org.hibernate.type.InstantType@2b7a65fe
2020-09-15 00:10:41,048 DEBUG o.h.t.BasicTypeRegistry [task-1] Adding type registration LocalDateTime -> org.hibernate.type.LocalDateTimeType@5ce29306
2020-09-15 00:10:41,048 DEBUG o.h.t.BasicTypeRegistry [task-1] Adding type registration java.time.LocalDateTime -> org.hibernate.type.LocalDateTimeType@5ce29306
2020-09-15 00:10:41,049 DEBUG o.h.t.BasicTypeRegistry [task-1] Adding type registration LocalDate -> org.hibernate.type.LocalDateType@5386c05
2020-09-15 00:10:41,049 DEBUG o.h.t.BasicTypeRegistry [task-1] Adding type registration java.time.LocalDate -> org.hibernate.type.LocalDateType@5386c05
2020-09-15 00:10:41,050 DEBUG o.h.t.BasicTypeRegistry [task-1] Adding type registration LocalTime -> org.hibernate.type.LocalTimeType@7ca2c923
2020-09-15 00:10:41,050 DEBUG o.h.t.BasicTypeRegistry [task-1] Adding type registration java.time.LocalTime -> org.hibernate.type.LocalTimeType@7ca2c923
2020-09-15 00:10:41,051 DEBUG o.h.t.BasicTypeRegistry [task-1] Adding type registration OffsetDateTime -> org.hibernate.type.OffsetDateTimeType@22f47ed5
2020-09-15 00:10:41,051 DEBUG o.h.t.BasicTypeRegistry [task-1] Adding type registration java.time.OffsetDateTime -> org.hibernate.type.OffsetDateTimeType@22f47ed5
2020-09-15 00:10:41,052 DEBUG o.h.t.BasicTypeRegistry [task-1] Adding type registration OffsetTime -> org.hibernate.type.OffsetTimeType@167b6768
2020-09-15 00:10:41,052 DEBUG o.h.t.BasicTypeRegistry [task-1] Adding type registration java.time.OffsetTime -> org.hibernate.type.OffsetTimeType@167b6768
2020-09-15 00:10:41,054 DEBUG o.h.t.BasicTypeRegistry [task-1] Adding type registration ZonedDateTime -> org.hibernate.type.ZonedDateTimeType@95102b
2020-09-15 00:10:41,054 DEBUG o.h.t.BasicTypeRegistry [task-1] Adding type registration java.time.ZonedDateTime -> org.hibernate.type.ZonedDateTimeType@95102b
2020-09-15 00:10:41,056 DEBUG o.h.t.BasicTypeRegistry [task-1] Adding type registration date -> org.hibernate.type.DateType@3cc576f2
2020-09-15 00:10:41,056 DEBUG o.h.t.BasicTypeRegistry [task-1] Adding type registration java.sql.Date -> org.hibernate.type.DateType@3cc576f2
2020-09-15 00:10:41,057 DEBUG o.h.t.BasicTypeRegistry [task-1] Adding type registration time -> org.hibernate.type.TimeType@31975437
2020-09-15 00:10:41,058 DEBUG o.h.t.BasicTypeRegistry [task-1] Adding type registration java.sql.Time -> org.hibernate.type.TimeType@31975437
2020-09-15 00:10:41,059 DEBUG o.h.t.BasicTypeRegistry [task-1] Adding type registration timestamp -> org.hibernate.type.TimestampType@4f66f731
2020-09-15 00:10:41,059 DEBUG o.h.t.BasicTypeRegistry [task-1] Adding type registration java.sql.Timestamp -> org.hibernate.type.TimestampType@4f66f731
2020-09-15 00:10:41,060 DEBUG o.h.t.BasicTypeRegistry [task-1] Adding type registration java.util.Date -> org.hibernate.type.TimestampType@4f66f731
2020-09-15 00:10:41,061 DEBUG o.h.t.BasicTypeRegistry [task-1] Adding type registration dbtimestamp -> org.hibernate.type.DbTimestampType@244acb83
2020-09-15 00:10:41,062 DEBUG o.h.t.BasicTypeRegistry [task-1] Adding type registration calendar -> org.hibernate.type.CalendarType@55fe3346
2020-09-15 00:10:41,062 DEBUG o.h.t.BasicTypeRegistry [task-1] Adding type registration java.util.Calendar -> org.hibernate.type.CalendarType@55fe3346
2020-09-15 00:10:41,062 DEBUG o.h.t.BasicTypeRegistry [task-1] Adding type registration java.util.GregorianCalendar -> org.hibernate.type.CalendarType@55fe3346
2020-09-15 00:10:41,063 DEBUG o.h.t.BasicTypeRegistry [task-1] Adding type registration calendar_date -> org.hibernate.type.CalendarDateType@33cf9e98
2020-09-15 00:10:41,064 DEBUG o.h.t.BasicTypeRegistry [task-1] Adding type registration calendar_time -> org.hibernate.type.CalendarTimeType@17a4270
2020-09-15 00:10:41,065 DEBUG o.h.t.BasicTypeRegistry [task-1] Adding type registration locale -> org.hibernate.type.LocaleType@6390a6b7
2020-09-15 00:10:41,065 DEBUG o.h.t.BasicTypeRegistry [task-1] Adding type registration java.util.Locale -> org.hibernate.type.LocaleType@6390a6b7
2020-09-15 00:10:41,066 DEBUG o.h.t.BasicTypeRegistry [task-1] Adding type registration currency -> org.hibernate.type.CurrencyType@7307a170
2020-09-15 00:10:41,066 DEBUG o.h.t.BasicTypeRegistry [task-1] Adding type registration java.util.Currency -> org.hibernate.type.CurrencyType@7307a170
2020-09-15 00:10:41,067 DEBUG o.h.t.BasicTypeRegistry [task-1] Adding type registration timezone -> org.hibernate.type.TimeZoneType@f842086
2020-09-15 00:10:41,067 DEBUG o.h.t.BasicTypeRegistry [task-1] Adding type registration java.util.TimeZone -> org.hibernate.type.TimeZoneType@f842086
2020-09-15 00:10:41,068 DEBUG o.h.t.BasicTypeRegistry [task-1] Adding type registration class -> org.hibernate.type.ClassType@1d3248fe
2020-09-15 00:10:41,068 DEBUG o.h.t.BasicTypeRegistry [task-1] Adding type registration java.lang.Class -> org.hibernate.type.ClassType@1d3248fe
2020-09-15 00:10:41,069 DEBUG o.h.t.BasicTypeRegistry [task-1] Adding type registration uuid-binary -> org.hibernate.type.UUIDBinaryType@3a7183e0
2020-09-15 00:10:41,069 DEBUG o.h.t.BasicTypeRegistry [task-1] Adding type registration java.util.UUID -> org.hibernate.type.UUIDBinaryType@3a7183e0
2020-09-15 00:10:41,070 DEBUG o.h.t.BasicTypeRegistry [task-1] Adding type registration uuid-char -> org.hibernate.type.UUIDCharType@5c977958
2020-09-15 00:10:41,071 DEBUG o.h.t.BasicTypeRegistry [task-1] Adding type registration binary -> org.hibernate.type.BinaryType@7bf1761c
2020-09-15 00:10:41,071 DEBUG o.h.t.BasicTypeRegistry [task-1] Adding type registration byte[] -> org.hibernate.type.BinaryType@7bf1761c
2020-09-15 00:10:41,071 DEBUG o.h.t.BasicTypeRegistry [task-1] Adding type registration [B -> org.hibernate.type.BinaryType@7bf1761c
2020-09-15 00:10:41,072 DEBUG o.h.t.BasicTypeRegistry [task-1] Adding type registration wrapper-binary -> org.hibernate.type.WrapperBinaryType@2f42cfe9
2020-09-15 00:10:41,072 DEBUG o.h.t.BasicTypeRegistry [task-1] Adding type registration Byte[] -> org.hibernate.type.WrapperBinaryType@2f42cfe9
2020-09-15 00:10:41,072 DEBUG o.h.t.BasicTypeRegistry [task-1] Adding type registration [Ljava.lang.Byte; -> org.hibernate.type.WrapperBinaryType@2f42cfe9
2020-09-15 00:10:41,073 DEBUG o.h.t.BasicTypeRegistry [task-1] Adding type registration row_version -> org.hibernate.type.RowVersionType@40319afd
2020-09-15 00:10:41,074 DEBUG o.h.t.BasicTypeRegistry [task-1] Adding type registration image -> org.hibernate.type.ImageType@5a8e573f
2020-09-15 00:10:41,075 DEBUG o.h.t.BasicTypeRegistry [task-1] Adding type registration characters -> org.hibernate.type.CharArrayType@6f1b86e
2020-09-15 00:10:41,075 DEBUG o.h.t.BasicTypeRegistry [task-1] Adding type registration char[] -> org.hibernate.type.CharArrayType@6f1b86e
2020-09-15 00:10:41,075 DEBUG o.h.t.BasicTypeRegistry [task-1] Adding type registration [C -> org.hibernate.type.CharArrayType@6f1b86e
2020-09-15 00:10:41,076 DEBUG o.h.t.BasicTypeRegistry [task-1] Adding type registration wrapper-characters -> org.hibernate.type.CharacterArrayType@1ca5c5c7
2020-09-15 00:10:41,076 DEBUG o.h.t.BasicTypeRegistry [task-1] Adding type registration [Ljava.lang.Character; -> org.hibernate.type.CharacterArrayType@1ca5c5c7
2020-09-15 00:10:41,076 DEBUG o.h.t.BasicTypeRegistry [task-1] Adding type registration Character[] -> org.hibernate.type.CharacterArrayType@1ca5c5c7
2020-09-15 00:10:41,077 DEBUG o.h.t.BasicTypeRegistry [task-1] Adding type registration text -> org.hibernate.type.TextType@2625ab48
2020-09-15 00:10:41,077 DEBUG o.h.t.BasicTypeRegistry [task-1] Adding type registration ntext -> org.hibernate.type.NTextType@7eb1c488
2020-09-15 00:10:41,078 DEBUG o.h.t.BasicTypeRegistry [task-1] Adding type registration blob -> org.hibernate.type.BlobType@77181a91
2020-09-15 00:10:41,078 DEBUG o.h.t.BasicTypeRegistry [task-1] Adding type registration java.sql.Blob -> org.hibernate.type.BlobType@77181a91
2020-09-15 00:10:41,079 DEBUG o.h.t.BasicTypeRegistry [task-1] Adding type registration materialized_blob -> org.hibernate.type.MaterializedBlobType@511e360e
2020-09-15 00:10:41,080 DEBUG o.h.t.BasicTypeRegistry [task-1] Adding type registration clob -> org.hibernate.type.ClobType@1ff18f2f
2020-09-15 00:10:41,080 DEBUG o.h.t.BasicTypeRegistry [task-1] Adding type registration java.sql.Clob -> org.hibernate.type.ClobType@1ff18f2f
2020-09-15 00:10:41,081 DEBUG o.h.t.BasicTypeRegistry [task-1] Adding type registration nclob -> org.hibernate.type.NClobType@5f34f0da
2020-09-15 00:10:41,081 DEBUG o.h.t.BasicTypeRegistry [task-1] Adding type registration java.sql.NClob -> org.hibernate.type.NClobType@5f34f0da
2020-09-15 00:10:41,082 DEBUG o.h.t.BasicTypeRegistry [task-1] Adding type registration materialized_clob -> org.hibernate.type.MaterializedClobType@65608ea5
2020-09-15 00:10:41,082 DEBUG o.h.t.BasicTypeRegistry [task-1] Adding type registration materialized_nclob -> org.hibernate.type.MaterializedNClobType@607896e3
2020-09-15 00:10:41,084 DEBUG o.h.t.BasicTypeRegistry [task-1] Adding type registration serializable -> org.hibernate.type.SerializableType@768922d8
2020-09-15 00:10:41,086 DEBUG o.h.t.BasicTypeRegistry [task-1] Adding type registration object -> org.hibernate.type.ObjectType@38ca7e82
2020-09-15 00:10:41,086 DEBUG o.h.t.BasicTypeRegistry [task-1] Adding type registration java.lang.Object -> org.hibernate.type.ObjectType@38ca7e82
2020-09-15 00:10:41,087 DEBUG o.h.t.BasicTypeRegistry [task-1] Adding type registration imm_date -> org.hibernate.type.AdaptedImmutableType@27ce1955
2020-09-15 00:10:41,087 DEBUG o.h.t.BasicTypeRegistry [task-1] Adding type registration imm_time -> org.hibernate.type.AdaptedImmutableType@4c1b5d40
2020-09-15 00:10:41,087 DEBUG o.h.t.BasicTypeRegistry [task-1] Adding type registration imm_timestamp -> org.hibernate.type.AdaptedImmutableType@61fb038e
2020-09-15 00:10:41,087 DEBUG o.h.t.BasicTypeRegistry [task-1] Adding type registration imm_dbtimestamp -> org.hibernate.type.AdaptedImmutableType@1dae7821
2020-09-15 00:10:41,087 DEBUG o.h.t.BasicTypeRegistry [task-1] Adding type registration imm_calendar -> org.hibernate.type.AdaptedImmutableType@4a7dde70
2020-09-15 00:10:41,088 DEBUG o.h.t.BasicTypeRegistry [task-1] Adding type registration imm_calendar_date -> org.hibernate.type.AdaptedImmutableType@5c1a7b22
2020-09-15 00:10:41,088 DEBUG o.h.t.BasicTypeRegistry [task-1] Adding type registration imm_binary -> org.hibernate.type.AdaptedImmutableType@6544f45c
2020-09-15 00:10:41,088 DEBUG o.h.t.BasicTypeRegistry [task-1] Adding type registration imm_serializable -> org.hibernate.type.AdaptedImmutableType@bc5e7a5
2020-09-15 00:10:41,119 WARN c.z.h.HikariConfig [task-1] HikariPool-1 - maxLifetime is less than 30000ms, setting to default 1800000ms.
2020-09-15 00:10:41,119 WARN c.z.h.HikariConfig [task-1] HikariPool-1 - idleTimeout has been set but has no effect because the pool is operating as a fixed size pool.
2020-09-15 00:10:41,313 DEBUG o.h.t.BasicTypeRegistry [task-1] Adding type registration pg-uuid -> org.hibernate.type.PostgresUUIDType@4c98d45
2020-09-15 00:10:41,314 DEBUG o.h.t.BasicTypeRegistry [task-1] Adding type registration java.util.UUID -> org.hibernate.type.PostgresUUIDType@4c98d45
2020-09-15 00:10:41,314 DEBUG o.h.t.BasicTypeRegistry [task-1] HHH000270: Type registration [java.util.UUID] overrides previous : org.hibernate.type.UUIDBinaryType@3a7183e0
2020-09-15 00:10:41,317 DEBUG o.h.t.s.TypeConfiguration [task-1] Scoping TypeConfiguration [org.hibernate.type.spi.TypeConfiguration@79e80b7a] to MetadataBuildingContext [org.hibernate.boot.internal.MetadataBuildingContextRootImpl@1d35c0e6]
2020-09-15 00:10:41,639 DEBUG o.h.t.s.TypeConfiguration [task-1] Scoping TypeConfiguration [org.hibernate.type.spi.TypeConfiguration@79e80b7a] to SessionFactoryImpl [org.hibernate.internal.SessionFactoryImpl@5e89b9de]
2020-09-15 00:10:42,083 TRACE o.h.t.s.TypeConfiguration [task-1] Handling #sessionFactoryCreated from [org.hibernate.internal.SessionFactoryImpl@5e89b9de] for TypeConfiguration
